<?xml version="1.0" encoding="UTF-8" ?>
<testsuite failures="0" time="29.255" errors="0" skipped="0" tests="8" name="TestSuite">
  <properties>
    <property name="java.vendor" value="Oracle Corporation"/>
    <property name="JOB_NAME" value="APItestingjenkin"/>
    <property name="sun.java.launcher" value="SUN_STANDARD"/>
    <property name="NUMBER_OF_PROCESSORS" value="2"/>
    <property name="sun.management.compiler" value="HotSpot Client Compiler"/>
    <property name="JENKINS_HOME" value="C:\Users\Vivek Pasi\.jenkins"/>
    <property name="HUDSON_SERVER_COOKIE" value="c9fb94aae0582cdd"/>
    <property name="POM_ARTIFACTID" value="API-Testingscript"/>
    <property name="os.name" value="Windows 8"/>
    <property name="sun.boot.class.path" value="C:\Program Files\Java\jdk1.7.0_79\jre\lib\resources.jar;C:\Program Files\Java\jdk1.7.0_79\jre\lib\rt.jar;C:\Program Files\Java\jdk1.7.0_79\jre\lib\sunrsasign.jar;C:\Program Files\Java\jdk1.7.0_79\jre\lib\jsse.jar;C:\Program Files\Java\jdk1.7.0_79\jre\lib\jce.jar;C:\Program Files\Java\jdk1.7.0_79\jre\lib\charsets.jar;C:\Program Files\Java\jdk1.7.0_79\jre\lib\jfr.jar;C:\Program Files\Java\jdk1.7.0_79\jre\classes"/>
    <property name="EXECUTOR_NUMBER" value="0"/>
    <property name="sun.desktop" value="windows"/>
    <property name="PATHEXT" value=".COM;.EXE;.BAT;.CMD;.VBS;.VBE;.JS;.JSE;.WSF;.WSH;.MSC;.PY"/>
    <property name="java.vm.specification.vendor" value="Oracle Corporation"/>
    <property name="POM_DISPLAYNAME" value="API-Testingscript"/>
    <property name="NODE_LABELS" value="master"/>
    <property name="TEMP" value="C:\Windows\TEMP"/>
    <property name="java.runtime.version" value="1.7.0_79-b15"/>
    <property name="user.name" value="VIVEK$"/>
    <property name="guice.disable.misplaced.annotation.check" value="true"/>
    <property name="ProgramFiles" value="C:\Program Files"/>
    <property name="user.language" value="en"/>
    <property name="BUILD_DISPLAY_NAME" value="#16"/>
    <property name="sun.boot.library.path" value="C:\Program Files\Java\jdk1.7.0_79\jre\bin"/>
    <property name="LOCALAPPDATA" value="C:\Windows\system32\config\systemprofile\AppData\Local"/>
    <property name="java.version" value="1.7.0_79"/>
    <property name="PROCESSOR_LEVEL" value="20"/>
    <property name="user.timezone" value="Asia/Calcutta"/>
    <property name="USERNAME" value="VIVEK$"/>
    <property name="sun.arch.data.model" value="32"/>
    <property name="NODE_NAME" value="master"/>
    <property name="java.endorsed.dirs" value="C:\Program Files\Java\jdk1.7.0_79\jre\lib\endorsed"/>
    <property name="BUILD_ID" value="16"/>
    <property name="sun.cpu.isalist" value=""/>
    <property name="sun.jnu.encoding" value="Cp1252"/>
    <property name="file.encoding.pkg" value="sun.io"/>
    <property name="file.separator" value="\"/>
    <property name="java.specification.name" value="Java Platform API Specification"/>
    <property name="java.class.version" value="51.0"/>
    <property name="org.slf4j.simpleLogger.defaultLogLevel" value="info"/>
    <property name="user.country" value="US"/>
    <property name="LR_PATH" value="C:\Program Files\HP\LoadRunner\"/>
    <property name="LOG_FILE" value="C:\Users\VIVEKP~1\AppData\Local\Temp\\ihp_custom_batches.log"/>
    <property name="ALLUSERSPROFILE" value="C:\ProgramData"/>
    <property name="java.home" value="C:\Program Files\Java\jdk1.7.0_79\jre"/>
    <property name="java.vm.info" value="mixed mode, sharing"/>
    <property name="os.version" value="6.2"/>
    <property name="POM_VERSION" value="1.0-SNAPSHOT"/>
    <property name="TMP" value="C:\Windows\TEMP"/>
    <property name="path.separator" value=";"/>
    <property name="java.vm.version" value="24.79-b02"/>
    <property name="user.variant" value=""/>
    <property name="VUGEN_PATH" value="C:\Program Files\HP\LoadRunner\"/>
    <property name="java.awt.printerjob" value="sun.awt.windows.WPrinterJob"/>
    <property name="FP_NO_HOST_CHECK" value="NO"/>
    <property name="JAVA_HOME" value="C:\Program Files\Java\jdk1.7.0_79"/>
    <property name="sun.io.unicode.encoding" value="UnicodeLittle"/>
    <property name="CommonProgramFiles" value="C:\Program Files\Common Files"/>
    <property name="ComSpec" value="C:\Windows\system32\cmd.exe"/>
    <property name="awt.toolkit" value="sun.awt.windows.WToolkit"/>
    <property name="POM_PACKAGING" value="jar"/>
    <property name="SERVICE_ID" value="jenkins"/>
    <property name="COMPUTERNAME" value="VIVEK"/>
    <property name="user.script" value=""/>
    <property name="POM_GROUPID" value="com.limetray.app"/>
    <property name="PUBLIC" value="C:\Users\Public"/>
    <property name="user.home" value="C:\"/>
    <property name="BUILD_TAG" value="jenkins-APItestingjenkin-16"/>
    <property name="JENKINS_SERVER_COOKIE" value="c9fb94aae0582cdd"/>
    <property name="HUDSON_URL" value="http://localhost:8080/"/>
    <property name="ProgramData" value="C:\ProgramData"/>
    <property name="java.specification.vendor" value="Oracle Corporation"/>
    <property name="USERPROFILE" value="C:\Windows\system32\config\systemprofile"/>
    <property name="CLASSPATH" value=""/>
    <property name="java.vendor.url" value="http://java.oracle.com/"/>
    <property name="java.library.path" value="C:\Program Files\Java\jdk1.7.0_79\bin;C:\Windows\Sun\Java\bin;C:\Windows\system32;C:\Windows;C:\Users\Vivek Pasi\.jenkins\tools\hudson.tasks.Maven_MavenInstallation\Maven_install/bin;C:\Program Files\Java\jdk1.7.0_79/bin;C:\Program Files\Java\jdk1.7.0_79/bin;C:\ProgramData\Oracle\Java\javapath;C:\Windows\system32;C:\Windows;C:\Windows\System32\Wbem;C:\Windows\System32\WindowsPowerShell\v1.0\;C:\Program Files\Microsoft SQL Server\110\Tools\Binn\;C:\Program Files\Microsoft SQL Server\110\DTS\Binn\;C:\Program Files\Microsoft SQL Server\110\Tools\Binn\ManagementStudio\;C:\Program Files\HP\LoadRunner\strawberry-perl\perl\bin;C:\Program Files\Git\cmd;C:\Users\Vivek Pasi\Downloads\Compressed\apache-maven-3.3.3-bin\apache-maven-3.3.3\bin;;."/>
    <property name="java.vm.vendor" value="Oracle Corporation"/>
    <property name="APPDATA" value="C:\Windows\system32\config\systemprofile\AppData\Roaming"/>
    <property name="java.runtime.name" value="Java(TM) SE Runtime Environment"/>
    <property name="maven.home" value="C:\Users\Vivek Pasi\.jenkins\tools\hudson.tasks.Maven_MavenInstallation\Maven_install"/>
    <property name="java.class.path" value="C:\Users\Vivek Pasi\.jenkins\plugins\maven-plugin\WEB-INF\lib\maven31-agent-1.5.jar;C:\Users\Vivek Pasi\.jenkins\tools\hudson.tasks.Maven_MavenInstallation\Maven_install\boot\plexus-classworlds-2.5.2.jar;C:\Users\Vivek Pasi\.jenkins\tools\hudson.tasks.Maven_MavenInstallation\Maven_install/conf/logging"/>
    <property name="sun.java.command" value="jenkins.maven3.agent.Maven31Main C:\Users\Vivek Pasi\.jenkins\tools\hudson.tasks.Maven_MavenInstallation\Maven_install C:\Users\Vivek Pasi\.jenkins\war\WEB-INF\lib\remoting-2.52.jar C:\Users\Vivek Pasi\.jenkins\plugins\maven-plugin\WEB-INF\lib\maven31-interceptor-1.5.jar C:\Users\Vivek Pasi\.jenkins\plugins\maven-plugin\WEB-INF\lib\maven3-interceptor-commons-1.5.jar 1679"/>
    <property name="LG_PATH" value="C:\Program Files\HP\LoadRunner\"/>
    <property name="Path" value="C:\Program Files\Java\jdk1.7.0_79/bin;C:\ProgramData\Oracle\Java\javapath;C:\Windows\system32;C:\Windows;C:\Windows\System32\Wbem;C:\Windows\System32\WindowsPowerShell\v1.0\;C:\Program Files\Microsoft SQL Server\110\Tools\Binn\;C:\Program Files\Microsoft SQL Server\110\DTS\Binn\;C:\Program Files\Microsoft SQL Server\110\Tools\Binn\ManagementStudio\;C:\Program Files\HP\LoadRunner\strawberry-perl\perl\bin;C:\Program Files\Git\cmd;C:\Users\Vivek Pasi\Downloads\Compressed\apache-maven-3.3.3-bin\apache-maven-3.3.3\bin;"/>
    <property name="java.vm.specification.name" value="Java Virtual Machine Specification"/>
    <property name="PROCESSOR_ARCHITECTURE" value="x86"/>
    <property name="PATH+JDK" value="C:\Program Files\Java\jdk1.7.0_79/bin"/>
    <property name="PROCESSOR_IDENTIFIER" value="x86 Family 20 Model 2 Stepping 0, AuthenticAMD"/>
    <property name="java.vm.specification.version" value="1.7"/>
    <property name="sun.os.patch.level" value=""/>
    <property name="sun.cpu.endian" value="little"/>
    <property name="M2_HOME" value="C:\Users\Vivek Pasi\.jenkins\tools\hudson.tasks.Maven_MavenInstallation\Maven_install"/>
    <property name="java.io.tmpdir" value="C:\Windows\TEMP\"/>
    <property name="OS" value="Windows_NT"/>
    <property name="HUDSON_HOME" value="C:\Users\Vivek Pasi\.jenkins"/>
    <property name="PATH+MAVEN" value="C:\Users\Vivek Pasi\.jenkins\tools\hudson.tasks.Maven_MavenInstallation\Maven_install/bin"/>
    <property name="BUILD_URL" value="http://localhost:8080/job/APItestingjenkin/16/"/>
    <property name="java.vendor.url.bug" value="http://bugreport.sun.com/bugreport/"/>
    <property name="java.awt.graphicsenv" value="sun.awt.Win32GraphicsEnvironment"/>
    <property name="os.arch" value="x86"/>
    <property name="SystemRoot" value="C:\Windows"/>
    <property name="java.ext.dirs" value="C:\Program Files\Java\jdk1.7.0_79\jre\lib\ext;C:\Windows\Sun\Java\lib\ext"/>
    <property name="user.dir" value="C:\Users\Vivek Pasi\API-Testingscript"/>
    <property name="JOB_URL" value="http://localhost:8080/job/APItestingjenkin/"/>
    <property name="USERDOMAIN" value="WORKGROUP"/>
    <property name="line.separator" value="
"/>
    <property name="MAVEN_HOME" value="C:\Users\Vivek Pasi\.jenkins\tools\hudson.tasks.Maven_MavenInstallation\Maven_install"/>
    <property name="java.vm.name" value="Java HotSpot(TM) Client VM"/>
    <property name="BUILD_NUMBER" value="16"/>
    <property name="BASE" value="C:\Users\Vivek Pasi\.jenkins"/>
    <property name="JENKINS_URL" value="http://localhost:8080/"/>
    <property name="PROCESSOR_REVISION" value="0200"/>
    <property name="ANALYSIS_PATH" value="C:\Program Files\HP\LoadRunner\"/>
    <property name="windir" value="C:\Windows"/>
    <property name="file.encoding" value="Cp1252"/>
    <property name="GIT_SSH" value="C:\Program Files\PuTTY\plink.exe"/>
    <property name="SystemDrive" value="C:"/>
    <property name="maven3.interceptor" value="C:\Users\Vivek Pasi\.jenkins\plugins\maven-plugin\WEB-INF\lib\maven31-interceptor-1.5.jar"/>
    <property name="WORKSPACE" value="C:\Users\Vivek Pasi\.jenkins\jobs\APItestingjenkin\workspace"/>
    <property name="SVN_SSH" value="C:\Program Files\PuTTY\plink.exe"/>
    <property name="maven3.interceptor.common" value="C:\Users\Vivek Pasi\.jenkins\plugins\maven-plugin\WEB-INF\lib\maven3-interceptor-commons-1.5.jar"/>
    <property name="WINSW_EXECUTABLE" value="C:\Users\Vivek Pasi\.jenkins\jenkins.exe"/>
    <property name="java.specification.version" value="1.7"/>
    <property name="PSModulePath" value="C:\Windows\system32\WindowsPowerShell\v1.0\Modules\;C:\Program Files\Microsoft SQL Server\110\Tools\PowerShell\Modules\"/>
  </properties>
  <testcase time="5.539" classname="com.limetray.app.Validation_api_error_check" name="Mobile_validation_check"/>
  <testcase time="1.527" classname="com.limetray.app.Validation_api_error_check" name="user_source_validation_check"/>
  <testcase time="0.671" classname="com.limetray.app.Validation_api_error_check" name="user_email_validation"/>
  <testcase time="2.07" classname="com.limetray.app.Validation_api_error_check" name="user_cloud_site_validation"/>
  <testcase time="4.884" classname="com.limetray.app.Validation_api_error_check" name="combination_mobile_email_validation"/>
  <testcase time="1.565" classname="com.limetray.app.Validation_api_error_check" name="combination_mobile_cloud_site_validation"/>
  <testcase time="2.647" classname="com.limetray.app.Validation_api_error_check" name="combination_mobile_firstname_validation"/>
  <testcase time="10.352" classname="com.limetray.app.Validation_api_error_check" name="send_email_script_output"/>
</testsuite>