<?xml version="1.0" encoding="UTF-8"?>
<!-- Generated by org.testng.reporters.JUnitReportReporter -->
<testsuite hostname="Vivek" name="com.limetray.app.validation_mobile_test" tests="1" failures="0" timestamp="16 Sep 2015 08:33:33 GMT" time="0.084" errors="0">
  <testcase name="f" time="0.084" classname="com.limetray.app.validation_mobile_test"/>
</testsuite> <!-- com.limetray.app.validation_mobile_test -->
